<?xml version="1.0" encoding="UTF-8"?>
<robot generator="Robot 4.0.1 (Python 3.9.5 on win32)" generated="20210728 10:35:38.919" rpa="false" schemaversion="2">
<suite id="s1" name="TestCases" source="D:\Dev\Automatización\DesafioAutomatizacion\Tests\TestCases.robot">
<test id="s1-t1" name="Test Case 5">
<kw name="Comenzar Test De Prueba" library="CommonFuncSitioDesafio" type="SETUP">
<kw name="Open Browser" library="SeleniumLibrary">
<arg>${URL}</arg>
<arg>${Browser}</arg>
<doc>Opens a new browser instance to the optional ``url``.</doc>
<msg timestamp="20210728 10:35:39.695" level="INFO">Opening browser 'chrome' to base url 'http://automationpractice.com'.</msg>
<status status="PASS" starttime="20210728 10:35:39.695" endtime="20210728 10:35:57.936"/>
</kw>
<kw name="Maximize Browser Window" library="SeleniumLibrary">
<doc>Maximizes current browser window.</doc>
<status status="PASS" starttime="20210728 10:35:57.936" endtime="20210728 10:35:58.066"/>
</kw>
<status status="PASS" starttime="20210728 10:35:39.694" endtime="20210728 10:35:58.066"/>
</kw>
<kw name="Seleccionar Producto Vestido" library="HomePage">
<kw name="Sleep" library="BuiltIn">
<arg>2</arg>
<doc>Pauses the test executed for the given time.</doc>
<msg timestamp="20210728 10:36:00.079" level="INFO">Slept 2 seconds</msg>
<status status="PASS" starttime="20210728 10:35:58.067" endtime="20210728 10:36:00.079"/>
</kw>
<kw name="Mouse Over" library="SeleniumLibrary">
<arg>${HomePageMouseOverObject2}</arg>
<doc>Simulates hovering the mouse over the element ``locator``.</doc>
<msg timestamp="20210728 10:36:00.080" level="INFO">Simulating Mouse Over on element 'xpath://li[starts-with(@class, 'ajax_block_product col-xs-12 col-sm-4 col-md-3 first-in-line last-line first-item-of-mobile-line')]'.</msg>
<status status="PASS" starttime="20210728 10:36:00.079" endtime="20210728 10:36:00.388"/>
</kw>
<kw name="Sleep" library="BuiltIn">
<arg>3</arg>
<doc>Pauses the test executed for the given time.</doc>
<msg timestamp="20210728 10:36:03.401" level="INFO">Slept 3 seconds</msg>
<status status="PASS" starttime="20210728 10:36:00.388" endtime="20210728 10:36:03.401"/>
</kw>
<kw name="Click Element" library="SeleniumLibrary">
<arg>${HomePageElementObject2}</arg>
<doc>Click the element identified by ``locator``.</doc>
<msg timestamp="20210728 10:36:03.401" level="INFO">Clicking element 'xpath://li[starts-with(@class, 'ajax_block_product col-xs-12 col-sm-4 col-md-3 first-in-line last-line first-item-of-mobile-line')]//div[@class='product-container']//div[@class='left-block']//a[@class='quick-view']'.</msg>
<status status="PASS" starttime="20210728 10:36:03.401" endtime="20210728 10:36:03.498"/>
</kw>
<status status="PASS" starttime="20210728 10:35:58.067" endtime="20210728 10:36:03.498"/>
</kw>
<kw name="Seleccionar Talla y Color Vestido" library="ProductPage">
<kw name="Sleep" library="BuiltIn">
<arg>2</arg>
<doc>Pauses the test executed for the given time.</doc>
<msg timestamp="20210728 10:36:05.509" level="INFO">Slept 2 seconds</msg>
<status status="PASS" starttime="20210728 10:36:03.499" endtime="20210728 10:36:05.510"/>
</kw>
<kw name="Wait Until Page Contains Element" library="SeleniumLibrary">
<arg>${ProductPageFrame}</arg>
<doc>Waits until the element ``locator`` appears on the current page.</doc>
<status status="PASS" starttime="20210728 10:36:05.510" endtime="20210728 10:36:05.523"/>
</kw>
<kw name="Select Frame" library="SeleniumLibrary">
<arg>${ProductPageFrame}</arg>
<doc>Sets frame identified by ``locator`` as the current frame.</doc>
<msg timestamp="20210728 10:36:05.523" level="INFO">Selecting frame 'xpath://body/div/div/div/div/div/iframe[1]'.</msg>
<status status="PASS" starttime="20210728 10:36:05.523" endtime="20210728 10:36:11.504"/>
</kw>
<kw name="Evaluate" library="BuiltIn">
<var>${SelcolorVestido}</var>
<arg>random.choice(${colorvestido})</arg>
<arg>random</arg>
<doc>Evaluates the given expression in Python and returns the result.</doc>
<msg timestamp="20210728 10:36:11.504" level="INFO">${SelcolorVestido} = xpath://a[@id='color_16']</msg>
<status status="PASS" starttime="20210728 10:36:11.504" endtime="20210728 10:36:11.504"/>
</kw>
<kw name="Click Element" library="SeleniumLibrary">
<arg>${SelcolorVestido}</arg>
<doc>Click the element identified by ``locator``.</doc>
<msg timestamp="20210728 10:36:11.505" level="INFO">Clicking element 'xpath://a[@id='color_16']'.</msg>
<status status="PASS" starttime="20210728 10:36:11.504" endtime="20210728 10:36:11.612"/>
</kw>
<kw name="Click Element" library="SeleniumLibrary">
<arg>${ProductPageElementVestido}</arg>
<doc>Click the element identified by ``locator``.</doc>
<msg timestamp="20210728 10:36:11.613" level="INFO">Clicking element 'xpath://option[@title='S']'.</msg>
<status status="PASS" starttime="20210728 10:36:11.612" endtime="20210728 10:36:11.651"/>
</kw>
<kw name="Capture Page Screenshot" library="SeleniumLibrary">
<arg>${ProductPageScreenshotProducto2}</arg>
<doc>Takes a screenshot of the current page and embeds it into a log file.</doc>
<msg timestamp="20210728 10:36:11.869" level="INFO" html="true">&lt;/td&gt;&lt;/tr&gt;&lt;tr&gt;&lt;td colspan="3"&gt;&lt;a href="Evidencias/Producto-2.png"&gt;&lt;img src="Evidencias/Producto-2.png" width="800px"&gt;&lt;/a&gt;</msg>
<status status="PASS" starttime="20210728 10:36:11.652" endtime="20210728 10:36:11.869"/>
</kw>
<kw name="Click Element" library="SeleniumLibrary">
<arg>${ProductPageElementCarrito}</arg>
<doc>Click the element identified by ``locator``.</doc>
<msg timestamp="20210728 10:36:11.870" level="INFO">Clicking element 'xpath://span[normalize-space()='Add to cart']'.</msg>
<status status="PASS" starttime="20210728 10:36:11.869" endtime="20210728 10:36:11.944"/>
</kw>
<kw name="Unselect Frame" library="SeleniumLibrary">
<doc>Sets the main frame as the current frame.</doc>
<status status="PASS" starttime="20210728 10:36:11.944" endtime="20210728 10:36:11.947"/>
</kw>
<status status="PASS" starttime="20210728 10:36:03.499" endtime="20210728 10:36:11.947"/>
</kw>
<kw name="Ir a Carrito de Compras" library="ProductPage">
<kw name="Wait Until Page Contains Element" library="SeleniumLibrary">
<arg>${ProductPageElementFrameCompra}</arg>
<doc>Waits until the element ``locator`` appears on the current page.</doc>
<status status="PASS" starttime="20210728 10:36:11.948" endtime="20210728 10:36:11.962"/>
</kw>
<kw name="Sleep" library="BuiltIn">
<arg>3</arg>
<doc>Pauses the test executed for the given time.</doc>
<msg timestamp="20210728 10:36:14.973" level="INFO">Slept 3 seconds</msg>
<status status="PASS" starttime="20210728 10:36:11.962" endtime="20210728 10:36:14.974"/>
</kw>
<kw name="Click Element" library="SeleniumLibrary">
<arg>${ProductPageButtonCarritoCompra}</arg>
<doc>Click the element identified by ``locator``.</doc>
<msg timestamp="20210728 10:36:14.975" level="INFO">Clicking element 'xpath://span[normalize-space()='Proceed to checkout']'.</msg>
<kw name="Capture Page Screenshot" library="SeleniumLibrary">
<doc>Takes a screenshot of the current page and embeds it into a log file.</doc>
<msg timestamp="20210728 10:36:15.419" level="INFO" html="true">&lt;/td&gt;&lt;/tr&gt;&lt;tr&gt;&lt;td colspan="3"&gt;&lt;a href="selenium-screenshot-1.png"&gt;&lt;img src="selenium-screenshot-1.png" width="800px"&gt;&lt;/a&gt;</msg>
<status status="PASS" starttime="20210728 10:36:15.062" endtime="20210728 10:36:15.419"/>
</kw>
<msg timestamp="20210728 10:36:15.422" level="FAIL">ElementNotInteractableException: Message: element not interactable
  (Session info: chrome=92.0.4515.107)
</msg>
<status status="FAIL" starttime="20210728 10:36:14.974" endtime="20210728 10:36:15.422"/>
</kw>
<status status="FAIL" starttime="20210728 10:36:11.948" endtime="20210728 10:36:15.423"/>
</kw>
<kw name="Finalizar Test De Prueba" library="CommonFuncSitioDesafio" type="TEARDOWN">
<kw name="Close All Browsers" library="SeleniumLibrary">
<doc>Closes all open browsers and resets the browser cache.</doc>
<status status="PASS" starttime="20210728 10:36:15.424" endtime="20210728 10:36:17.573"/>
</kw>
<status status="PASS" starttime="20210728 10:36:15.423" endtime="20210728 10:36:17.573"/>
</kw>
<doc>Este caso de prueba valida la funcionalidad "Proceder a realizar la compra"</doc>
<tag>Funcional</tag>
<status status="FAIL" starttime="20210728 10:35:39.693" endtime="20210728 10:36:17.574">ElementNotInteractableException: Message: element not interactable
  (Session info: chrome=92.0.4515.107)
</status>
</test>
<doc>Test De Pruebas Para Desafio de Automatización</doc>
<status status="FAIL" starttime="20210728 10:35:38.920" endtime="20210728 10:36:17.578"/>
</suite>
<statistics>
<total>
<stat pass="0" fail="1" skip="0">All Tests</stat>
</total>
<tag>
<stat pass="0" fail="1" skip="0">Funcional</stat>
</tag>
<suite>
<stat pass="0" fail="1" skip="0" id="s1" name="TestCases">TestCases</stat>
</suite>
</statistics>
<errors>
</errors>
</robot>
